<?xml version="1.0" encoding="UTF-8"?>
<testng-results ignored="0" total="1" passed="1" failed="0" skipped="0">
  <reporter-output>
  </reporter-output>
  <suite started-at="2024-11-27T23:13:13 IST" name="Default suite" finished-at="2024-11-27T23:13:46 IST" duration-ms="32567">
    <groups>
    </groups>
    <test started-at="2024-11-27T23:13:13 IST" name="Default test" finished-at="2024-11-27T23:13:46 IST" duration-ms="32567">
      <class name="com.fitpeo.tests.TotalReimbursementTest">
        <test-method is-config="true" signature="setup()[pri:0, instance:com.fitpeo.tests.TotalReimbursementTest@52f27fbd]" started-at="2024-11-27T23:13:13 IST" name="setup" finished-at="2024-11-27T23:13:23 IST" duration-ms="9700" status="PASS">
          <reporter-output>
          </reporter-output>
        </test-method> <!-- setup -->
        <test-method signature="testTotalReimbursementFunctionality()[pri:0, instance:com.fitpeo.tests.TotalReimbursementTest@52f27fbd]" started-at="2024-11-27T23:13:23 IST" name="testTotalReimbursementFunctionality" finished-at="2024-11-27T23:13:45 IST" duration-ms="22001" status="PASS">
          <reporter-output>
          </reporter-output>
        </test-method> <!-- testTotalReimbursementFunctionality -->
        <test-method is-config="true" signature="teardown()[pri:0, instance:com.fitpeo.tests.TotalReimbursementTest@52f27fbd]" started-at="2024-11-27T23:13:45 IST" name="teardown" finished-at="2024-11-27T23:13:46 IST" duration-ms="832" status="PASS">
          <reporter-output>
          </reporter-output>
        </test-method> <!-- teardown -->
      </class> <!-- com.fitpeo.tests.TotalReimbursementTest -->
    </test> <!-- Default test -->
  </suite> <!-- Default suite -->
</testng-results>
